0 info it worked if it ends with ok
1 verbose cli [ '/usr/bin/node', '/usr/bin/npm', 'run', 'dev' ]
2 info using npm@3.5.2
3 info using node@v8.10.0
4 verbose run-script [ 'predev', 'dev', 'postdev' ]
5 info lifecycle node_js_basics@1.0.0~predev: node_js_basics@1.0.0
6 silly lifecycle node_js_basics@1.0.0~predev: no script for predev, continuing
7 info lifecycle node_js_basics@1.0.0~dev: node_js_basics@1.0.0
8 verbose lifecycle node_js_basics@1.0.0~dev: unsafe-perm in lifecycle true
9 verbose lifecycle node_js_basics@1.0.0~dev: PATH: /usr/share/npm/bin/node-gyp-bin:/alx-backend-javascript/0x05-Node_JS_basic/node_modules/.bin:/usr/local/sbin:/usr/local/bin:/usr/sbin:/usr/bin:/sbin:/bin
10 verbose lifecycle node_js_basics@1.0.0~dev: CWD: /alx-backend-javascript/0x05-Node_JS_basic
11 silly lifecycle node_js_basics@1.0.0~dev: Args: [ '-c',
11 silly lifecycle   'nodemon --exec babel-node --presets babel-preset-env ./server.js ./database.csv' ]
12 info lifecycle node_js_basics@1.0.0~dev: Failed to exec dev script
13 verbose stack Error: node_js_basics@1.0.0 dev: `nodemon --exec babel-node --presets babel-preset-env ./server.js ./database.csv`
13 verbose stack spawn ENOENT
13 verbose stack     at ChildProcess.<anonymous> (/usr/share/npm/lib/utils/spawn.js:17:16)
13 verbose stack     at emitTwo (events.js:126:13)
13 verbose stack     at ChildProcess.emit (events.js:214:7)
13 verbose stack     at maybeClose (internal/child_process.js:925:16)
13 verbose stack     at Process.ChildProcess._handle.onexit (internal/child_process.js:209:5)
14 verbose pkgid node_js_basics@1.0.0
15 verbose cwd /alx-backend-javascript/0x05-Node_JS_basic
16 error Linux 5.3.0-1032-aws
17 error argv "/usr/bin/node" "/usr/bin/npm" "run" "dev"
18 error node v8.10.0
19 error npm  v3.5.2
20 error file sh
21 error code ELIFECYCLE
22 error errno ENOENT
23 error syscall spawn
24 error node_js_basics@1.0.0 dev: `nodemon --exec babel-node --presets babel-preset-env ./server.js ./database.csv`
24 error spawn ENOENT
25 error Failed at the node_js_basics@1.0.0 dev script 'nodemon --exec babel-node --presets babel-preset-env ./server.js ./database.csv'.
25 error Make sure you have the latest version of node.js and npm installed.
25 error If you do, this is most likely a problem with the node_js_basics package,
25 error not with npm itself.
25 error Tell the author that this fails on your system:
25 error     nodemon --exec babel-node --presets babel-preset-env ./server.js ./database.csv
25 error You can get information on how to open an issue for this project with:
25 error     npm bugs node_js_basics
25 error Or if that isn't available, you can get their info via:
25 error     npm owner ls node_js_basics
25 error There is likely additional logging output above.
26 verbose exit [ 1, true ]
